{"level":"info","message":"Processing claim submission","service":"solymus-logging","timestamp":"2025-11-02T09:07:40.841Z"}
{"level":"info","message":"Processing claim submission","service":"solymus-logging","timestamp":"2025-11-02T09:10:27.611Z"}
{"level":"info","message":"Processing claim submission","service":"solymus-logging","timestamp":"2025-11-02T09:24:02.846Z"}
{"level":"info","message":"Processing claim submission","service":"solymus-logging","timestamp":"2025-11-02T09:25:14.205Z"}
{"level":"info","message":"Processing claim submission","service":"solymus-logging","timestamp":"2025-11-02T09:25:31.611Z"}
{"error":{"code":11000,"errorLabelSet":{},"errorResponse":{"code":11000,"errmsg":"E11000 duplicate key error collection: Solymus.claimRejections index: _id_ dup key: { _id: 1 }","index":0,"keyPattern":{"_id":1},"keyValue":{"_id":1}},"index":0,"keyPattern":{"_id":1},"keyValue":{"_id":1}},"level":"error","message":"Error processing claim submission","route":"submit-claim","service":"solymus-logging","timestamp":"2025-11-02T09:25:31.673Z"}
{"level":"info","message":"Processing claim submission","service":"solymus-logging","timestamp":"2025-11-02T09:25:45.616Z"}
{"error":{"code":11000,"errorLabelSet":{},"errorResponse":{"code":11000,"errmsg":"E11000 duplicate key error collection: Solymus.claimRejections index: _id_ dup key: { _id: 1 }","index":0,"keyPattern":{"_id":1},"keyValue":{"_id":1}},"index":0,"keyPattern":{"_id":1},"keyValue":{"_id":1}},"level":"error","message":"Error processing claim submission","route":"submit-claim","service":"solymus-logging","timestamp":"2025-11-02T09:25:45.621Z"}
{"level":"info","message":"Processing claim submission","service":"solymus-logging","timestamp":"2025-11-02T09:25:53.805Z"}
{"level":"info","message":"Processing hospitals","service":"solymus-logging","timestamp":"2025-11-02T09:42:13.204Z"}
{"level":"info","message":"Processing hospital details by id","service":"solymus-logging","timestamp":"2025-11-02T09:51:00.498Z"}
{"error":{},"level":"error","message":"Error processing hospital by id","route":"hospital-by-id","service":"solymus-logging","timestamp":"2025-11-02T09:51:00.504Z"}
{"level":"info","message":"Processing hospital details by id","service":"solymus-logging","timestamp":"2025-11-02T09:52:05.854Z"}
{"error":{},"level":"error","message":"Error processing hospital by id","route":"hospital-by-id","service":"solymus-logging","timestamp":"2025-11-02T09:52:05.859Z"}
{"level":"info","message":"Processing hospital details by id","service":"solymus-logging","timestamp":"2025-11-02T09:54:00.651Z"}
{"error":{},"level":"error","message":"Error processing hospital by id","route":"hospital-by-id","service":"solymus-logging","timestamp":"2025-11-02T09:54:00.657Z"}
{"level":"info","message":"Processing hospital details by id","service":"solymus-logging","timestamp":"2025-11-02T09:54:57.042Z"}
{"error":{},"level":"error","message":"Error processing hospital by id","route":"hospital-by-id","service":"solymus-logging","timestamp":"2025-11-02T09:54:57.092Z"}
{"level":"info","message":"Processing hospital details by id","service":"solymus-logging","timestamp":"2025-11-02T09:56:02.290Z"}
{"level":"info","message":"Adding new hospital","service":"solymus-logging","timestamp":"2025-11-02T10:43:24.556Z"}
{"error":{"message":"jwt malformed","name":"JsonWebTokenError"},"level":"error","message":"Error adding hospital","route":"add-hospital","service":"solymus-logging","timestamp":"2025-11-02T10:43:24.562Z"}
{"level":"info","message":"Adding new hospital","service":"solymus-logging","timestamp":"2025-11-02T10:44:12.679Z"}
{"level":"error","message":"insufficient permissions","service":"solymus-logging","timestamp":"2025-11-02T10:44:12.693Z"}
{"level":"info","message":"Adding new hospital","service":"solymus-logging","timestamp":"2025-11-02T10:44:55.213Z"}
{"error":{},"level":"error","message":"Error adding hospital","route":"add-hospital","service":"solymus-logging","timestamp":"2025-11-02T10:44:55.256Z"}
{"level":"info","message":"Adding new hospital","service":"solymus-logging","timestamp":"2025-11-02T10:47:12.793Z"}
{"error":{},"level":"error","message":"Error adding hospital","route":"add-hospital","service":"solymus-logging","timestamp":"2025-11-02T10:47:12.839Z"}
{"level":"info","message":"Adding new hospital","service":"solymus-logging","timestamp":"2025-11-02T10:47:49.200Z"}
{"error":{},"level":"error","message":"Error adding hospital","route":"add-hospital","service":"solymus-logging","timestamp":"2025-11-02T10:47:49.204Z"}
{"level":"info","message":"Adding new hospital","service":"solymus-logging","timestamp":"2025-11-02T10:49:06.697Z"}
{"level":"error","message":"token missing","service":"solymus-logging","timestamp":"2025-11-02T10:49:06.699Z"}
{"level":"info","message":"Adding new hospital","service":"solymus-logging","timestamp":"2025-11-02T10:49:10.915Z"}
{"error":{},"level":"error","message":"Error adding hospital","route":"add-hospital","service":"solymus-logging","timestamp":"2025-11-02T10:49:10.918Z"}
{"level":"info","message":"Adding new hospital","service":"solymus-logging","timestamp":"2025-11-02T10:50:10.163Z"}
{"error":{"message":"invalid token","name":"JsonWebTokenError"},"level":"error","message":"Error adding hospital","route":"add-hospital","service":"solymus-logging","timestamp":"2025-11-02T10:50:10.169Z"}
{"level":"info","message":"Adding new hospital","service":"solymus-logging","timestamp":"2025-11-02T10:50:55.582Z"}
{"error":{},"level":"error","message":"Error adding hospital","route":"add-hospital","service":"solymus-logging","timestamp":"2025-11-02T10:50:55.629Z"}
{"level":"info","message":"Adding new hospital","service":"solymus-logging","timestamp":"2025-11-02T10:51:42.941Z"}
{"error":{},"level":"error","message":"Error adding hospital","route":"add-hospital","service":"solymus-logging","timestamp":"2025-11-02T10:51:43.019Z"}
{"level":"info","message":"Adding new hospital","service":"solymus-logging","timestamp":"2025-11-02T10:52:37.280Z"}
{"error":{"message":"jwt jwtid invalid. expected: DX927u066-l27oSkQWpEr","name":"JsonWebTokenError"},"level":"error","message":"Error adding hospital","route":"add-hospital","service":"solymus-logging","timestamp":"2025-11-02T10:52:37.287Z"}
{"level":"info","message":"Adding new hospital","service":"solymus-logging","timestamp":"2025-11-02T10:53:12.561Z"}
{"error":{"message":"jwt jwtid invalid. expected: C_1LWscU8N_L7u1pBzQEr","name":"JsonWebTokenError"},"level":"error","message":"Error adding hospital","route":"add-hospital","service":"solymus-logging","timestamp":"2025-11-02T10:53:12.564Z"}
{"level":"info","message":"Adding new hospital","service":"solymus-logging","timestamp":"2025-11-02T10:53:54.179Z"}
{"error":{"message":"jwt jwtid invalid. expected: 2COZLwtGddF0WCtwF30rK","name":"JsonWebTokenError"},"level":"error","message":"Error adding hospital","route":"add-hospital","service":"solymus-logging","timestamp":"2025-11-02T10:53:54.186Z"}
{"level":"info","message":"Adding new hospital","service":"solymus-logging","timestamp":"2025-11-02T10:57:55.583Z"}
{"error":{},"level":"error","message":"Error adding hospital","route":"add-hospital","service":"solymus-logging","timestamp":"2025-11-02T10:57:55.627Z"}
{"level":"info","message":"Adding new hospital","service":"solymus-logging","timestamp":"2025-11-02T10:59:38.726Z"}
{"error":{},"level":"error","message":"Error adding hospital","route":"add-hospital","service":"solymus-logging","timestamp":"2025-11-02T10:59:38.799Z"}
{"level":"info","message":"Adding new hospital","service":"solymus-logging","timestamp":"2025-11-02T10:59:56.642Z"}
{"error":{"message":"jwt malformed","name":"JsonWebTokenError"},"level":"error","message":"Error adding hospital","route":"add-hospital","service":"solymus-logging","timestamp":"2025-11-02T10:59:56.644Z"}
{"level":"info","message":"Adding new hospital","service":"solymus-logging","timestamp":"2025-11-02T11:00:03.783Z"}
{"error":{"message":"jwt malformed","name":"JsonWebTokenError"},"level":"error","message":"Error adding hospital","route":"add-hospital","service":"solymus-logging","timestamp":"2025-11-02T11:00:03.785Z"}
{"level":"info","message":"Adding new hospital","service":"solymus-logging","timestamp":"2025-11-02T11:02:21.304Z"}
{"level":"error","message":"token missing","service":"solymus-logging","timestamp":"2025-11-02T11:02:21.308Z"}
{"level":"info","message":"Adding new hospital","service":"solymus-logging","timestamp":"2025-11-02T11:02:51.204Z"}
{"error":{},"level":"error","message":"Error adding hospital","route":"add-hospital","service":"solymus-logging","timestamp":"2025-11-02T11:02:51.252Z"}
{"level":"info","message":"Adding new hospital","service":"solymus-logging","timestamp":"2025-11-02T11:03:32.965Z"}
{"error":{"message":"invalid token","name":"JsonWebTokenError"},"level":"error","message":"Error adding hospital","route":"add-hospital","service":"solymus-logging","timestamp":"2025-11-02T11:03:32.975Z"}
{"level":"info","message":"Adding new hospital","service":"solymus-logging","timestamp":"2025-11-02T11:04:34.217Z"}
{"error":{"message":"invalid token","name":"JsonWebTokenError"},"level":"error","message":"Error adding hospital","route":"add-hospital","service":"solymus-logging","timestamp":"2025-11-02T11:04:34.219Z"}
{"level":"info","message":"Adding new hospital","service":"solymus-logging","timestamp":"2025-11-02T11:05:00.062Z"}
{"error":{},"level":"error","message":"Error adding hospital","route":"add-hospital","service":"solymus-logging","timestamp":"2025-11-02T11:05:00.071Z"}
{"level":"info","message":"Adding new hospital","service":"solymus-logging","timestamp":"2025-11-02T11:06:48.091Z"}
{"error":{},"level":"error","message":"Error adding hospital","route":"add-hospital","service":"solymus-logging","timestamp":"2025-11-02T11:06:48.141Z"}
{"level":"info","message":"Adding new hospital","service":"solymus-logging","timestamp":"2025-11-02T11:07:24.335Z"}
{"error":{},"level":"error","message":"Error adding hospital","route":"add-hospital","service":"solymus-logging","timestamp":"2025-11-02T11:07:24.380Z"}
{"level":"info","message":"Adding new hospital","service":"solymus-logging","timestamp":"2025-11-02T11:09:46.192Z"}
{"level":"info","message":"Updating hospital details by id","service":"solymus-logging","timestamp":"2025-11-02T12:03:38.033Z"}
{"level":"info","message":"Updating hospital details by id","service":"solymus-logging","timestamp":"2025-11-02T12:04:35.301Z"}
{"level":"info","message":"Updating hospital details by id","service":"solymus-logging","timestamp":"2025-11-02T12:06:41.539Z"}
{"level":"info","message":"Updating hospital details by id","service":"solymus-logging","timestamp":"2025-11-02T12:08:39.187Z"}
{"err":{"message":"jwt expired","stack":"TokenExpiredError: jwt expired\n    at C:\\Users\\aniru\\Desktop\\VDS\\DIP\\SOLYMUS\\solymusServices\\node_modules\\jsonwebtoken\\verify.js:190:21\n    at getSecret (C:\\Users\\aniru\\Desktop\\VDS\\DIP\\SOLYMUS\\solymusServices\\node_modules\\jsonwebtoken\\verify.js:97:14)\n    at module.exports [as verify] (C:\\Users\\aniru\\Desktop\\VDS\\DIP\\SOLYMUS\\solymusServices\\node_modules\\jsonwebtoken\\verify.js:101:10)\n    at verifyToken (C:\\Users\\aniru\\Desktop\\VDS\\DIP\\SOLYMUS\\solymusServices\\utils\\encryption.utils.js:88:14)\n    at C:\\Users\\aniru\\Desktop\\VDS\\DIP\\SOLYMUS\\solymusServices\\routes\\hospitalRoutes.js:132:17\n    at Layer.handleRequest (C:\\Users\\aniru\\Desktop\\VDS\\DIP\\SOLYMUS\\solymusServices\\node_modules\\router\\lib\\layer.js:152:17)\n    at next (C:\\Users\\aniru\\Desktop\\VDS\\DIP\\SOLYMUS\\solymusServices\\node_modules\\router\\lib\\route.js:157:13)\n    at Route.dispatch (C:\\Users\\aniru\\Desktop\\VDS\\DIP\\SOLYMUS\\solymusServices\\node_modules\\router\\lib\\route.js:117:3)\n    at handle (C:\\Users\\aniru\\Desktop\\VDS\\DIP\\SOLYMUS\\solymusServices\\node_modules\\router\\index.js:435:11)\n    at Layer.handleRequest (C:\\Users\\aniru\\Desktop\\VDS\\DIP\\SOLYMUS\\solymusServices\\node_modules\\router\\lib\\layer.js:152:17)"},"level":"error","message":"token verification failed","service":"solymus-logging","timestamp":"2025-11-02T12:08:39.194Z"}
{"level":"info","message":"Updating hospital details by id","service":"solymus-logging","timestamp":"2025-11-02T12:10:00.130Z"}
{"id":2,"level":"info","message":"Hospital updated successfully","modifiedCount":1,"route":"update-hospital-by-id","service":"solymus-logging","timestamp":"2025-11-02T12:10:00.192Z"}
{"level":"info","message":"Updating hospital details by id","service":"solymus-logging","timestamp":"2025-11-02T12:10:35.251Z"}
{"level":"info","message":"Updating hospital details by id","service":"solymus-logging","timestamp":"2025-11-02T12:11:03.784Z"}
{"level":"info","message":"Updating hospital details by id","service":"solymus-logging","timestamp":"2025-11-02T12:11:36.535Z"}
{"level":"info","message":"Updating hospital details by id","service":"solymus-logging","timestamp":"2025-11-02T12:11:48.203Z"}
{"error":{"message":"Decryption failed","stack":"Error: Decryption failed\n    at decryptData (C:\\Users\\aniru\\Desktop\\VDS\\DIP\\SOLYMUS\\solymusServices\\utils\\encryption.utils.js:30:11)\n    at C:\\Users\\aniru\\Desktop\\VDS\\DIP\\SOLYMUS\\solymusServices\\routes\\hospitalRoutes.js:155:18\n    at Layer.handleRequest (C:\\Users\\aniru\\Desktop\\VDS\\DIP\\SOLYMUS\\solymusServices\\node_modules\\router\\lib\\layer.js:152:17)\n    at next (C:\\Users\\aniru\\Desktop\\VDS\\DIP\\SOLYMUS\\solymusServices\\node_modules\\router\\lib\\route.js:157:13)\n    at Route.dispatch (C:\\Users\\aniru\\Desktop\\VDS\\DIP\\SOLYMUS\\solymusServices\\node_modules\\router\\lib\\route.js:117:3)\n    at handle (C:\\Users\\aniru\\Desktop\\VDS\\DIP\\SOLYMUS\\solymusServices\\node_modules\\router\\index.js:435:11)\n    at Layer.handleRequest (C:\\Users\\aniru\\Desktop\\VDS\\DIP\\SOLYMUS\\solymusServices\\node_modules\\router\\lib\\layer.js:152:17)\n    at C:\\Users\\aniru\\Desktop\\VDS\\DIP\\SOLYMUS\\solymusServices\\node_modules\\router\\index.js:295:15\n    at processParams (C:\\Users\\aniru\\Desktop\\VDS\\DIP\\SOLYMUS\\solymusServices\\node_modules\\router\\index.js:582:12)\n    at next (C:\\Users\\aniru\\Desktop\\VDS\\DIP\\SOLYMUS\\solymusServices\\node_modules\\router\\index.js:291:5)"},"level":"error","message":"Unhandled error updating hospital","route":"update-hospital-by-id","service":"solymus-logging","timestamp":"2025-11-02T12:11:48.214Z"}
{"level":"info","message":"Updating hospital details by id","service":"solymus-logging","timestamp":"2025-11-02T12:12:20.467Z"}
{"error":{"message":"Decryption failed","stack":"Error: Decryption failed\n    at decryptData (C:\\Users\\aniru\\Desktop\\VDS\\DIP\\SOLYMUS\\solymusServices\\utils\\encryption.utils.js:30:11)\n    at C:\\Users\\aniru\\Desktop\\VDS\\DIP\\SOLYMUS\\solymusServices\\routes\\hospitalRoutes.js:155:18\n    at Layer.handleRequest (C:\\Users\\aniru\\Desktop\\VDS\\DIP\\SOLYMUS\\solymusServices\\node_modules\\router\\lib\\layer.js:152:17)\n    at next (C:\\Users\\aniru\\Desktop\\VDS\\DIP\\SOLYMUS\\solymusServices\\node_modules\\router\\lib\\route.js:157:13)\n    at Route.dispatch (C:\\Users\\aniru\\Desktop\\VDS\\DIP\\SOLYMUS\\solymusServices\\node_modules\\router\\lib\\route.js:117:3)\n    at handle (C:\\Users\\aniru\\Desktop\\VDS\\DIP\\SOLYMUS\\solymusServices\\node_modules\\router\\index.js:435:11)\n    at Layer.handleRequest (C:\\Users\\aniru\\Desktop\\VDS\\DIP\\SOLYMUS\\solymusServices\\node_modules\\router\\lib\\layer.js:152:17)\n    at C:\\Users\\aniru\\Desktop\\VDS\\DIP\\SOLYMUS\\solymusServices\\node_modules\\router\\index.js:295:15\n    at processParams (C:\\Users\\aniru\\Desktop\\VDS\\DIP\\SOLYMUS\\solymusServices\\node_modules\\router\\index.js:582:12)\n    at next (C:\\Users\\aniru\\Desktop\\VDS\\DIP\\SOLYMUS\\solymusServices\\node_modules\\router\\index.js:291:5)"},"level":"error","message":"Unhandled error updating hospital","route":"update-hospital-by-id","service":"solymus-logging","timestamp":"2025-11-02T12:12:20.472Z"}
{"level":"info","message":"Updating hospital details by id","service":"solymus-logging","timestamp":"2025-11-02T12:12:43.051Z"}
{"error":{"message":"Decryption failed","stack":"Error: Decryption failed\n    at decryptData (C:\\Users\\aniru\\Desktop\\VDS\\DIP\\SOLYMUS\\solymusServices\\utils\\encryption.utils.js:30:11)\n    at C:\\Users\\aniru\\Desktop\\VDS\\DIP\\SOLYMUS\\solymusServices\\routes\\hospitalRoutes.js:155:18\n    at Layer.handleRequest (C:\\Users\\aniru\\Desktop\\VDS\\DIP\\SOLYMUS\\solymusServices\\node_modules\\router\\lib\\layer.js:152:17)\n    at next (C:\\Users\\aniru\\Desktop\\VDS\\DIP\\SOLYMUS\\solymusServices\\node_modules\\router\\lib\\route.js:157:13)\n    at Route.dispatch (C:\\Users\\aniru\\Desktop\\VDS\\DIP\\SOLYMUS\\solymusServices\\node_modules\\router\\lib\\route.js:117:3)\n    at handle (C:\\Users\\aniru\\Desktop\\VDS\\DIP\\SOLYMUS\\solymusServices\\node_modules\\router\\index.js:435:11)\n    at Layer.handleRequest (C:\\Users\\aniru\\Desktop\\VDS\\DIP\\SOLYMUS\\solymusServices\\node_modules\\router\\lib\\layer.js:152:17)\n    at C:\\Users\\aniru\\Desktop\\VDS\\DIP\\SOLYMUS\\solymusServices\\node_modules\\router\\index.js:295:15\n    at processParams (C:\\Users\\aniru\\Desktop\\VDS\\DIP\\SOLYMUS\\solymusServices\\node_modules\\router\\index.js:582:12)\n    at next (C:\\Users\\aniru\\Desktop\\VDS\\DIP\\SOLYMUS\\solymusServices\\node_modules\\router\\index.js:291:5)"},"level":"error","message":"Unhandled error updating hospital","route":"update-hospital-by-id","service":"solymus-logging","timestamp":"2025-11-02T12:12:43.060Z"}
{"level":"info","message":"Updating hospital details by id","service":"solymus-logging","timestamp":"2025-11-02T12:14:24.411Z"}
{"error":{"message":"Decryption failed","stack":"Error: Decryption failed\n    at decryptData (C:\\Users\\aniru\\Desktop\\VDS\\DIP\\SOLYMUS\\solymusServices\\utils\\encryption.utils.js:30:11)\n    at C:\\Users\\aniru\\Desktop\\VDS\\DIP\\SOLYMUS\\solymusServices\\routes\\hospitalRoutes.js:155:18\n    at Layer.handleRequest (C:\\Users\\aniru\\Desktop\\VDS\\DIP\\SOLYMUS\\solymusServices\\node_modules\\router\\lib\\layer.js:152:17)\n    at next (C:\\Users\\aniru\\Desktop\\VDS\\DIP\\SOLYMUS\\solymusServices\\node_modules\\router\\lib\\route.js:157:13)\n    at Route.dispatch (C:\\Users\\aniru\\Desktop\\VDS\\DIP\\SOLYMUS\\solymusServices\\node_modules\\router\\lib\\route.js:117:3)\n    at handle (C:\\Users\\aniru\\Desktop\\VDS\\DIP\\SOLYMUS\\solymusServices\\node_modules\\router\\index.js:435:11)\n    at Layer.handleRequest (C:\\Users\\aniru\\Desktop\\VDS\\DIP\\SOLYMUS\\solymusServices\\node_modules\\router\\lib\\layer.js:152:17)\n    at C:\\Users\\aniru\\Desktop\\VDS\\DIP\\SOLYMUS\\solymusServices\\node_modules\\router\\index.js:295:15\n    at processParams (C:\\Users\\aniru\\Desktop\\VDS\\DIP\\SOLYMUS\\solymusServices\\node_modules\\router\\index.js:582:12)\n    at next (C:\\Users\\aniru\\Desktop\\VDS\\DIP\\SOLYMUS\\solymusServices\\node_modules\\router\\index.js:291:5)"},"level":"error","message":"Unhandled error updating hospital","route":"update-hospital-by-id","service":"solymus-logging","timestamp":"2025-11-02T12:14:24.415Z"}
{"level":"info","message":"Updating hospital details by id","service":"solymus-logging","timestamp":"2025-11-02T12:15:16.605Z"}
{"id":2,"level":"info","message":"Update acknowledged but no changes applied","result":{"acknowledged":true,"matchedCount":1,"modifiedCount":0,"upsertedCount":0,"upsertedId":null},"route":"update-hospital-by-id","service":"solymus-logging","timestamp":"2025-11-02T12:15:16.668Z"}
{"level":"info","message":"deleting hospital by id","service":"solymus-logging","timestamp":"2025-11-02T12:32:00.862Z"}
{"deletedCount":1,"id":2,"level":"info","message":"Hospital deleted successfully","route":"delete-hospital-by-id","service":"solymus-logging","timestamp":"2025-11-02T12:32:00.926Z"}
{"level":"info","message":"Bulk uploading hospitals (file upload)","service":"solymus-logging","timestamp":"2025-11-02T12:46:15.095Z"}
{"failedCount":0,"insertedCount":1,"invalidCount":0,"level":"info","message":"Bulk upload summary","processedCount":1,"route":"bulk-upload-hospitals","service":"solymus-logging","timestamp":"2025-11-02T12:46:15.179Z"}
{"level":"info","message":"Processing branch creation","service":"solymus-logging","timestamp":"2025-11-02T13:23:34.830Z"}
{"level":"error","message":"Authorization header missing","route":"create-branch","service":"solymus-logging","timestamp":"2025-11-02T13:23:34.834Z"}
{"level":"info","message":"Processing branch creation","service":"solymus-logging","timestamp":"2025-11-02T13:24:09.020Z"}
{"level":"info","message":"Processing branch creation","service":"solymus-logging","timestamp":"2025-11-02T13:24:29.399Z"}
{"code":11000,"error":"E11000 duplicate key error collection: Solymus.branches index: _id_ dup key: { _id: 0 }","errorLabelSet":{},"errorResponse":{"code":11000,"errmsg":"E11000 duplicate key error collection: Solymus.branches index: _id_ dup key: { _id: 0 }","index":0,"keyPattern":{"_id":1},"keyValue":{"_id":0}},"index":0,"keyPattern":{"_id":1},"keyValue":{"_id":0},"level":"error","message":"Error processing branch creation E11000 duplicate key error collection: Solymus.branches index: _id_ dup key: { _id: 0 }","route":"create-branch","service":"solymus-logging","stack":"MongoServerError: E11000 duplicate key error collection: Solymus.branches index: _id_ dup key: { _id: 0 }\n    at InsertOneOperation.handleOk (C:\\Users\\aniru\\Desktop\\VDS\\DIP\\SOLYMUS\\solymusServices\\node_modules\\mongodb\\lib\\operations\\insert.js:51:19)\n    at tryOperation (C:\\Users\\aniru\\Desktop\\VDS\\DIP\\SOLYMUS\\solymusServices\\node_modules\\mongodb\\lib\\operations\\execute_operation.js:214:34)\n    at process.processTicksAndRejections (node:internal/process/task_queues:105:5)\n    at async executeOperation (C:\\Users\\aniru\\Desktop\\VDS\\DIP\\SOLYMUS\\solymusServices\\node_modules\\mongodb\\lib\\operations\\execute_operation.js:78:16)\n    at async Collection.insertOne (C:\\Users\\aniru\\Desktop\\VDS\\DIP\\SOLYMUS\\solymusServices\\node_modules\\mongodb\\lib\\collection.js:154:16)\n    at async C:\\Users\\aniru\\Desktop\\VDS\\DIP\\SOLYMUS\\solymusServices\\routes\\branchesRoutes.js:19:24","timestamp":"2025-11-02T13:24:29.463Z"}
{"level":"info","message":"Processing branch creation","service":"solymus-logging","timestamp":"2025-11-02T13:25:02.894Z"}
{"level":"info","message":"Processing branch request","service":"solymus-logging","timestamp":"2025-11-02T13:28:46.282Z"}
{"error":"Decryption failed","level":"error","message":"Error processing branch request Decryption failed","route":"branch-request","service":"solymus-logging","stack":"Error: Decryption failed\n    at decryptData (C:\\Users\\aniru\\Desktop\\VDS\\DIP\\SOLYMUS\\solymusServices\\utils\\encryption.utils.js:30:11)\n    at C:\\Users\\aniru\\Desktop\\VDS\\DIP\\SOLYMUS\\solymusServices\\routes\\branchesRoutes.js:47:20\n    at Layer.handleRequest (C:\\Users\\aniru\\Desktop\\VDS\\DIP\\SOLYMUS\\solymusServices\\node_modules\\router\\lib\\layer.js:152:17)\n    at next (C:\\Users\\aniru\\Desktop\\VDS\\DIP\\SOLYMUS\\solymusServices\\node_modules\\router\\lib\\route.js:157:13)\n    at Route.dispatch (C:\\Users\\aniru\\Desktop\\VDS\\DIP\\SOLYMUS\\solymusServices\\node_modules\\router\\lib\\route.js:117:3)\n    at handle (C:\\Users\\aniru\\Desktop\\VDS\\DIP\\SOLYMUS\\solymusServices\\node_modules\\router\\index.js:435:11)\n    at Layer.handleRequest (C:\\Users\\aniru\\Desktop\\VDS\\DIP\\SOLYMUS\\solymusServices\\node_modules\\router\\lib\\layer.js:152:17)\n    at C:\\Users\\aniru\\Desktop\\VDS\\DIP\\SOLYMUS\\solymusServices\\node_modules\\router\\index.js:295:15\n    at processParams (C:\\Users\\aniru\\Desktop\\VDS\\DIP\\SOLYMUS\\solymusServices\\node_modules\\router\\index.js:582:12)\n    at next (C:\\Users\\aniru\\Desktop\\VDS\\DIP\\SOLYMUS\\solymusServices\\node_modules\\router\\index.js:291:5)","timestamp":"2025-11-02T13:28:46.289Z"}
{"level":"info","message":"Processing branch request","service":"solymus-logging","timestamp":"2025-11-02T13:29:15.217Z"}
{"level":"info","message":"Processing branch update","service":"solymus-logging","timestamp":"2025-11-02T13:35:03.458Z"}
{"level":"info","message":"Processing branch deletion","service":"solymus-logging","timestamp":"2025-11-02T13:36:54.071Z"}
{"level":"info","message":"Processing branch creation","service":"solymus-logging","timestamp":"2025-11-02T13:45:32.574Z"}
{"level":"info","message":"Processing blog request","service":"solymus-logging","timestamp":"2025-11-02T13:47:18.007Z"}
{"level":"info","message":"Processing blog update","service":"solymus-logging","timestamp":"2025-11-02T13:53:20.896Z"}
{"level":"info","message":"Processing blog deletion","service":"solymus-logging","timestamp":"2025-11-02T13:54:53.177Z"}
{"level":"info","message":"Processing lead creation","service":"solymus-logging","timestamp":"2025-11-02T14:03:45.988Z"}
{"level":"info","message":"Processing lead request","service":"solymus-logging","timestamp":"2025-11-02T14:04:05.174Z"}
{"level":"info","message":"Processing lead update","service":"solymus-logging","timestamp":"2025-11-02T14:05:47.581Z"}
{"level":"info","message":"Processing lead deletion","service":"solymus-logging","timestamp":"2025-11-02T14:06:17.841Z"}
{"level":"info","message":"Processing insurer creation","service":"solymus-logging","timestamp":"2025-11-02T14:15:20.841Z"}
{"level":"info","message":"Processing insurers request","service":"solymus-logging","timestamp":"2025-11-02T14:15:51.719Z"}
{"level":"info","message":"Processing insurers update","service":"solymus-logging","timestamp":"2025-11-02T14:19:04.405Z"}
{"error":"Encryption failed","level":"error","message":"Error processing insurer update Encryption failed","route":"update-insurer","service":"solymus-logging","stack":"Error: Encryption failed\n    at encryptionService (C:\\Users\\aniru\\Desktop\\VDS\\DIP\\SOLYMUS\\solymusServices\\utils\\encryption.utils.js:43:11)\n    at C:\\Users\\aniru\\Desktop\\VDS\\DIP\\SOLYMUS\\solymusServices\\routes\\insurersRoutes.js:73:31\n    at process.processTicksAndRejections (node:internal/process/task_queues:105:5)","timestamp":"2025-11-02T14:19:04.450Z"}
{"level":"info","message":"Processing insurers update","service":"solymus-logging","timestamp":"2025-11-02T14:19:59.555Z"}
{"level":"info","message":"Processing insurers deletion","service":"solymus-logging","timestamp":"2025-11-02T14:20:42.994Z"}
{"level":"info","message":"Processing contact creation","service":"solymus-logging","timestamp":"2025-11-02T14:29:08.049Z"}
{"level":"info","message":"Processing contact request","service":"solymus-logging","timestamp":"2025-11-02T14:29:22.771Z"}
{"level":"info","message":"Processing contact update","service":"solymus-logging","timestamp":"2025-11-02T14:30:31.318Z"}
{"level":"info","message":"Processing contacts deletion","service":"solymus-logging","timestamp":"2025-11-02T14:31:24.540Z"}
{"level":"info","message":"Processing contacts deletion","service":"solymus-logging","timestamp":"2025-11-02T14:32:10.437Z"}
{"level":"info","message":"Processing contacts deletion","service":"solymus-logging","timestamp":"2025-11-02T14:32:59.074Z"}
