{"level":"info","message":"Processing full quote request","service":"solymus-logging","timestamp":"2025-11-02T18:32:10.087Z"}
{"error":{},"level":"error","message":"Error processing full quote request","route":"full-quote","service":"solymus-logging","timestamp":"2025-11-02T18:33:33.034Z"}
{"level":"info","message":"Processing full quote request","service":"solymus-logging","timestamp":"2025-11-02T18:35:47.554Z"}
{"error":{},"level":"error","message":"Error processing full quote request","route":"full-quote","service":"solymus-logging","timestamp":"2025-11-02T18:36:36.705Z"}
{"level":"info","message":"Processing full quote request","service":"solymus-logging","timestamp":"2025-11-02T18:38:42.092Z"}
{"level":"info","message":"Bulk uploading hospitals (file upload)","service":"solymus-logging","timestamp":"2025-11-02T19:02:26.604Z"}
{"invalidCount":2,"level":"warn","message":"No valid hospital documents to insert","processedCount":2,"route":"bulk-upload-hospitals","service":"solymus-logging","timestamp":"2025-11-02T19:02:26.618Z"}
{"level":"info","message":"Bulk uploading hospitals (file upload)","service":"solymus-logging","timestamp":"2025-11-02T19:02:41.528Z"}
{"invalidCount":2,"level":"warn","message":"No valid hospital documents to insert","processedCount":2,"route":"bulk-upload-hospitals","service":"solymus-logging","timestamp":"2025-11-02T19:02:41.533Z"}
{"level":"info","message":"Bulk uploading quote rules (file upload)","service":"solymus-logging","timestamp":"2025-11-02T19:02:50.706Z"}
{"err":{"message":"verifyToken is not defined","stack":"ReferenceError: verifyToken is not defined\n    at C:\\Users\\aniru\\Desktop\\VDS\\DIP\\SOLYMUS\\solymusServices\\routes\\quotePolicyRoutes.js:152:7\n    at Layer.handleRequest (C:\\Users\\aniru\\Desktop\\VDS\\DIP\\SOLYMUS\\solymusServices\\node_modules\\router\\lib\\layer.js:152:17)\n    at next (C:\\Users\\aniru\\Desktop\\VDS\\DIP\\SOLYMUS\\solymusServices\\node_modules\\router\\lib\\route.js:157:13)\n    at done (C:\\Users\\aniru\\Desktop\\VDS\\DIP\\SOLYMUS\\solymusServices\\node_modules\\multer\\lib\\make-middleware.js:59:7)\n    at indicateDone (C:\\Users\\aniru\\Desktop\\VDS\\DIP\\SOLYMUS\\solymusServices\\node_modules\\multer\\lib\\make-middleware.js:63:68)\n    at C:\\Users\\aniru\\Desktop\\VDS\\DIP\\SOLYMUS\\solymusServices\\node_modules\\multer\\lib\\make-middleware.js:176:11\n    at WriteStream.<anonymous> (C:\\Users\\aniru\\Desktop\\VDS\\DIP\\SOLYMUS\\solymusServices\\node_modules\\multer\\storage\\disk.js:43:9)\n    at WriteStream.emit (node:events:531:35)\n    at finish (node:internal/streams/writable:955:10)\n    at node:internal/streams/writable:936:13"},"level":"error","message":"token verification failed","route":"bulk-upload-quote-rules","service":"solymus-logging","timestamp":"2025-11-02T19:02:50.707Z"}
{"level":"info","message":"Bulk uploading quote rules (file upload)","service":"solymus-logging","timestamp":"2025-11-02T19:03:16.850Z"}
{"failedCount":0,"insertedCount":2,"invalidCount":0,"level":"info","message":"Bulk upload summary","processedCount":2,"route":"bulk-upload-quote-rules","service":"solymus-logging","timestamp":"2025-11-02T19:03:16.926Z"}
{"level":"info","message":"Bulk uploading quote rules (file upload)","service":"solymus-logging","timestamp":"2025-11-02T19:06:12.177Z"}
{"level":"info","message":"Bulk uploading quote rules (file upload)","service":"solymus-logging","timestamp":"2025-11-02T19:06:44.158Z"}
{"error":{"message":"E11000 duplicate key error collection: Solymus.quoteRules index: _id_ dup key: { _id: \"r1\" }","writeErrors":2},"level":"error","message":"insertMany returned error","route":"bulk-upload-quote-rules","service":"solymus-logging","timestamp":"2025-11-02T19:06:44.279Z"}
{"failedCount":2,"insertedCount":0,"invalidCount":0,"level":"info","message":"Bulk upload summary","processedCount":2,"route":"bulk-upload-quote-rules","service":"solymus-logging","timestamp":"2025-11-02T19:06:44.284Z"}
{"level":"info","message":"Bulk uploading quote rules (file upload)","service":"solymus-logging","timestamp":"2025-11-02T19:07:10.779Z"}
{"failedCount":0,"insertedCount":2,"invalidCount":0,"level":"info","message":"Bulk upload summary","processedCount":2,"route":"bulk-upload-quote-rules","service":"solymus-logging","timestamp":"2025-11-02T19:07:10.788Z"}
{"level":"info","message":"Processing Quote retrieval","service":"solymus-logging","timestamp":"2025-11-02T19:19:23.204Z"}
{"level":"info","message":"policy purhcase","service":"solymus-logging","timestamp":"2025-11-02T19:40:21.987Z"}
{"level":"info","message":"policy purhcase","service":"solymus-logging","timestamp":"2025-11-02T19:42:25.434Z"}
{"level":"info","message":"policy purhcase","service":"solymus-logging","timestamp":"2025-11-02T19:49:13.439Z"}
{"level":"info","message":"policy purhcase","service":"solymus-logging","timestamp":"2025-11-02T19:51:30.893Z"}
{"level":"info","message":"policy purhcase","service":"solymus-logging","timestamp":"2025-11-02T19:52:58.280Z"}
{"level":"info","message":"policy purhcase","service":"solymus-logging","timestamp":"2025-11-02T19:53:41.498Z"}
{"level":"error","message":"tokenPayload is not defined","route":"error","service":"solymus-logging","timestamp":"2025-11-02T19:53:45.882Z"}
{"level":"info","message":"policy purhcase","service":"solymus-logging","timestamp":"2025-11-02T19:54:05.161Z"}
{"level":"info","message":"policy purhcase","service":"solymus-logging","timestamp":"2025-11-02T19:54:55.032Z"}
{"level":"info","message":"policy purhcase","service":"solymus-logging","timestamp":"2025-11-02T19:55:13.521Z"}
{"level":"info","message":"policy purhcase","service":"solymus-logging","timestamp":"2025-11-02T19:56:24.335Z"}
{"level":"error","route":"error","service":"solymus-logging","timestamp":"2025-11-02T19:56:33.964Z"}
{"level":"info","message":"policy purhcase","service":"solymus-logging","timestamp":"2025-11-02T19:57:16.666Z"}
{"level":"error","route":"error","service":"solymus-logging","timestamp":"2025-11-02T19:57:16.808Z"}
{"level":"info","message":"policy purhcase","service":"solymus-logging","timestamp":"2025-11-02T19:59:02.451Z"}
{"level":"info","message":"policy purhcase","service":"solymus-logging","timestamp":"2025-11-02T20:01:54.749Z"}
{"level":"info","message":"policy purhcase","service":"solymus-logging","timestamp":"2025-11-02T20:03:04.231Z"}
{"level":"info","message":"status id policy","service":"solymus-logging","timestamp":"2025-11-02T20:12:39.303Z"}
